
> thai-festival-frontend@0.0.1 dev
> vite --host 127.0.0.1 --port 4174

Re-optimizing dependencies because vite config has changed

  [32m[1mVITE[22m v5.4.21[39m  [2mready in [0m[1m434[22m[2m[0m ms[22m

  [32m➜[39m  [1mLocal[22m:   [36mhttp://127.0.0.1:[1m4174[22m/[39m
[2m00:01:16[22m [36m[1m[vite][22m[39m [32mpage reload [39m[2mC:/Users/ppang/OneDrive/เอกสาร/project/Frontend/src/games/HorseDelivery/HorseDeliveryScene.jsx[22m
[2m00:01:57[22m [36m[1m[vite][22m[39m [32mpage reload [39m[2mC:/Users/ppang/OneDrive/เอกสาร/project/Frontend/src/games/FestivalMapScene.js[22m
[2m00:02:16[22m [36m[1m[vite][22m[39m [32mpage reload [39m[2mC:/Users/ppang/OneDrive/เอกสาร/project/Frontend/src/games/HorseDelivery/components/Horse.js[22m
[2m00:02:16[22m [36m[1m[vite][22m[39m [32mpage reload [39m[2mC:/Users/ppang/OneDrive/เอกสาร/project/Frontend/src/games/HorseDelivery/components/Obstacle.js[22m
[2m00:02:16[22m [36m[1m[vite][22m[39m [32mpage reload [39m[2mC:/Users/ppang/OneDrive/เอกสาร/project/Frontend/src/games/HorseDelivery/components/Items.js[22m
[2m00:06:38[22m [36m[1m[vite][22m[39m [32mpage reload [39m[2mC:/Users/ppang/OneDrive/เอกสาร/project/Frontend/src/games/FestivalMapScene.js[22m
[2m00:10:44[22m [36m[1m[vite][22m[39m [32mpage reload [39m[2mC:/Users/ppang/OneDrive/เอกสาร/project/Frontend/src/games/HorseDelivery/HorseDeliveryScene.jsx[22m
[2m00:13:28[22m [36m[1m[vite][22m[39m [32mpage reload [39m[2mindex.html[22m
[2m00:13:57[22m [36m[1m[vite][22m[39m [32mpage reload [39m[2mqa.html[22m
[2m00:14:28[22m [36m[1m[vite][22m[39m [32mpage reload [39m[2mC:/Users/ppang/OneDrive/เอกสาร/project/Frontend/src/games/FestivalMapScene.js[22m
[2m00:20:06[22m [36m[1m[vite][22m[39m [32mpage reload [39m[2mC:/Users/ppang/OneDrive/เอกสาร/project/Frontend/src/pages/Host.jsx[22m
[2m00:20:31[22m [36m[1m[vite][22m[39m [32mpage reload [39m[2mC:/Users/ppang/OneDrive/เอกสาร/project/Frontend/src/pages/Lobby.jsx[22m
[2m00:34:37[22m [36m[1m[vite][22m[39m [32mpage reload [39m[2mC:/Users/ppang/OneDrive/เอกสาร/project/Frontend/src/games/FestivalMapScene.js[22m
[2m00:38:00[22m [36m[1m[vite][22m[39m [32mpage reload [39m[2mC:/Users/ppang/OneDrive/เอกสาร/project/Frontend/src/games/FestivalMapScene.js[22m
[2m00:40:03[22m [36m[1m[vite][22m[39m [32mpage reload [39m[2mC:/Users/ppang/OneDrive/เอกสาร/project/Frontend/src/games/FestivalMapScene.js[22m
[2m00:40:30[22m [36m[1m[vite][22m[39m [32mpage reload [39m[2mC:/Users/ppang/OneDrive/เอกสาร/project/Frontend/src/games/GameContainer.jsx[22m
[2m00:40:52[22m [36m[1m[vite][22m[39m [32mpage reload [39m[2mC:/Users/ppang/OneDrive/เอกสาร/project/Frontend/src/pages/FestivalMap.jsx[22m
[2m00:42:53[22m [36m[1m[vite][22m[39m [32mpage reload [39m[2mC:/Users/ppang/OneDrive/เอกสาร/project/Frontend/src/pages/FestivalMap.jsx[22m
[2m00:45:16[22m [36m[1m[vite][22m[39m [32mpage reload [39m[2mC:/Users/ppang/OneDrive/เอกสาร/project/Frontend/src/games/FestivalMapScene.js[22m
[2m00:54:20[22m [36m[1m[vite][22m[39m [32mpage reload [39m[2mindex.html[22m
[2m01:41:40[22m [36m[1m[vite][22m[39m [32m.env.local changed, restarting server...[39m
[2m01:41:40[22m [36m[1m[vite][22m[39m server restarted.
[2m01:48:34[22m [36m[1m[vite][22m[39m [32m.env.local changed, restarting server...[39m
[2m01:48:34[22m [36m[1m[vite][22m[39m server restarted.
[2m15:39:32[22m [36m[1m[vite][22m[39m [32mpage reload [39m[2mC:/Users/ppang/OneDrive/เอกสาร/project/Frontend/src/games/FlowerGame/FlowerGameScene.jsx[22m
[2m15:39:32[22m [36m[1m[vite][22m[39m [32mpage reload [39m[2mC:/Users/ppang/OneDrive/เอกสาร/project/Frontend/src/games/CookingGame/CookingGameScene.jsx[22m
[2m21:09:20[22m [36m[1m[vite][22m[39m [32mpage reload [39m[2mC:/Users/ppang/OneDrive/เอกสาร/project/Frontend/src/games/FlowerGame/FlowerGameScene.jsx[22m
[2m21:09:20[22m [36m[1m[vite][22m[39m [32mpage reload [39m[2mC:/Users/ppang/OneDrive/เอกสาร/project/Frontend/src/games/HauntedHouse/HauntedHouseScene.jsx[22m
[2m22:14:29[22m [36m[1m[vite][22m[39m [32mpage reload [39m[2mC:/Users/ppang/OneDrive/เอกสาร/project/Frontend/src/games/BalloonShoot/BalloonShootScene.jsx[22m
[2m22:14:29[22m [36m[1m[vite][22m[39m [32mpage reload [39m[2mC:/Users/ppang/OneDrive/เอกสาร/project/Frontend/src/games/BoxingGame/BoxingGameScene.jsx[22m
[2m22:40:22[22m [36m[1m[vite][22m[39m [32mpage reload [39m[2mC:/Users/ppang/OneDrive/เอกสาร/project/Frontend/src/games/DollGame/DollGameScene.jsx[22m
[2m22:40:22[22m [36m[1m[vite][22m[39m [32mpage reload [39m[2mC:/Users/ppang/OneDrive/เอกสาร/project/Frontend/src/games/HauntedHouse/HauntedHouseScene.jsx[22m
[2m22:40:22[22m [36m[1m[vite][22m[39m [32mpage reload [39m[2mC:/Users/ppang/OneDrive/เอกสาร/project/Frontend/src/games/CookingGame/CookingGameScene.jsx[22m
[2m23:22:01[22m [36m[1m[vite][22m[39m [32mpage reload [39m[2mC:/Users/ppang/OneDrive/เอกสาร/project/Frontend/src/App.jsx[22m
[2m23:22:01[22m [36m[1m[vite][22m[39m [32mpage reload [39m[2mC:/Users/ppang/OneDrive/เอกสาร/project/Frontend/src/pages/FestivalMap.jsx[22m
